<?xml version="1.0" encoding="UTF-8"?>
<!-- Generated by org.testng.reporters.JUnitReportReporter -->
<testsuite hostname="Asplapr898" failures="0" tests="1" name="testCase.AmazonTestCase" time="45.663" errors="0" timestamp="13 Jan 2022 10:06:29 GMT" skipped="0">
  <testcase classname="testCase.AmazonTestCase" name="AmazonApplication" time="45.663"/>
</testsuite> <!-- testCase.AmazonTestCase -->
